14:06:24.564 INFO [GridLauncherV3.parse] - Selenium server version: 3.141.59, revision: e82be7d358
14:06:24.605 INFO [GridLauncherV3.lambda$buildLaunchers$3] - Launching a standalone Selenium Server on port 4444
2019-08-07 14:06:24.634:INFO::main: Logging initialized @187ms to org.seleniumhq.jetty9.util.log.StdErrLog
14:06:24.772 INFO [WebDriverServlet.<init>] - Initialising WebDriverServlet
14:06:24.890 INFO [SeleniumServer.boot] - Selenium Server is up and running on port 4444
14:06:25.124 INFO [ActiveSessionFactory.apply] - Capabilities are: {
  "acceptSslCerts": true,
  "browserName": "chrome",
  "chromeOptions": {
    "args": [
      "--headless",
      "window-size=1366,768",
      "--disable-logging",
      "disable-web-security",
      "ignore-certificate-errors",
      "--test-type"
    ]
  },
  "name": "Bat Env\\verticals\\energy\\a Person Account Andopportunity Tests\\sp 650 Global Search\\ac1 Display The Recent Items"
}
14:06:25.126 INFO [ActiveSessionFactory.lambda$apply$11] - Matched factory org.openqa.selenium.grid.session.remote.ServicedSession$Factory (provider: org.openqa.selenium.chrome.ChromeDriverService)
Starting ChromeDriver 75.0.3770.140 (2d9f97485c7b07dc18a74666574f19176731995c-refs/branch-heads/3770@{#1155}) on port 15876
Only local connections are allowed.
Please protect ports used by ChromeDriver and related test frameworks to prevent access by malicious code.
[1565157986.202][WARNING]: This version of ChromeDriver has not been tested with Chrome version 76.
14:06:27.229 INFO [ProtocolHandshake.createSession] - Detected dialect: W3C
14:06:27.247 INFO [RemoteSession$Factory.lambda$performHandshake$0] - Started new session 35d6256392bcaeb7b9adbe7ea74b26cf (org.openqa.selenium.chrome.ChromeDriverService)
14:06:31.944 INFO [ActiveSessions$1.onStop] - Removing session 35d6256392bcaeb7b9adbe7ea74b26cf (org.openqa.selenium.chrome.ChromeDriverService)
